09/Mar/2022 15:30:22  *** Warning ***
                      
                      This software is licensed for personal and educational purposes only.
                      
                      ------------------------------------------------------------------------------
09/Mar/2022 15:30:23  
                      Solver started at: 03:30 PM Wednesday, 09. March 2022 (Romance Standard Time)
                      
                        Module:  Time Domain: S-Parameter (Win 64)
                        Version: 2021.4 Release from 2021-05-18 (change 873153)
                      

                      ------------------------------------------------------------------------------

                      ------------------------------------------------------------------------------
09/Mar/2022 15:30:23  ======================================================================
                       Solver cycle: 1
                      ======================================================================
                      
                      Stimulation at discrete port 1 
                      
                      
                      
                      ------------------------------------------------------------------------------
09/Mar/2022 15:30:23  Units settings: 
                      
                        Dimensions: mm
                        Frequency:  GHz
                        Time:       ps
                      
                      ------------------------------------------------------------------------------
09/Mar/2022 15:30:36  The following discrete face port is connected to metal material:
                      	1
                      
                      ------------------------------------------------------------------------------
09/Mar/2022 15:30:36  Mesh statistics:
                      
                         Hexahedral mesh type: PBA [Version: default]
                      
                         Parallelization type: domain decomposition
                            Number of parallel working threads: 2
                            Number of calculation domains used: 2
                      
                         Used point accuracy enhancement value: 75.00%.
                         PBA fill limit: 99.00% (inverse)

09/Mar/2022 15:30:37  Boundary conditions: 
                      
                        YZsymmetry: none
                        XZsymmetry: none
                        XYsymmetry: none
                      
                        Xmin: expanded open, 4 Layer, depth 24.0155 mm
                        Xmax: expanded open, 4 Layer, depth 24.0155 mm
                      
                        Ymin: expanded open, 4 Layer, depth 24.0155 mm
                        Ymax: expanded open, 4 Layer, depth 24.0155 mm
                      
                        Zmin: expanded open, 4 Layer, depth 24.0155 mm
                        Zmax: expanded open, 4 Layer, depth 24.0155 mm
                      
                        PML-Type: Convolution PML
                      
                      ------------------------------------------------------------------------------
09/Mar/2022 15:30:37  Frequency settings: 
                      
                        Fmin:         1
                        Fmax:         3
                        Nfsteps(lin): 1001
                      
                      ------------------------------------------------------------------------------
09/Mar/2022 15:30:37  Field update statistics:
                      
                        Number of components in total: 	289915
                      
                      Subcycling state:      Automatically deactivated
                      
                      ------------------------------------------------------------------------------
09/Mar/2022 15:30:37  Port: 1
                      
09/Mar/2022 15:30:37    Discrete element, reference impedance = 73 Ohm
                      
                      ------------------------------------------------------------------------------
09/Mar/2022 15:30:46  
                      --------------------------------------------------------------------------------
09/Mar/2022 15:30:46  Steady state energy criterion met, solver finished successfully.
                      
                      ------------------------------------------------------------------------------
09/Mar/2022 15:30:46  Frequency domain results normalized to default signal.
                      
                      
                      ------------------------------------------------------------------------------
09/Mar/2022 15:30:46  
                        ----------------------------------------------------------------------------
                                            Peak memory used (kB)         Free physical memory (kB) 
                                                                          At begin     Minimum      
                        ----------------------------------------------------------------------------
                        CAD preparation     19344                         4111612      4111612      
                        Matrices calc.      69266                         4592773      4066406      
                        Solver run total    42388                         4131520      4131520      
                        ----------------------------------------------------------------------------
                      
                      --------------------------------------------------------------------------------
                      Solver Statistics:
                      
                        Hardware:
                           Computer name:                 	Zephyrus-G14 
                      
                           Number of CPU threads:               8
                           Hardware info:                  	Hardware Accelerator Device not activated
                      
                        Number of mesh cells:             	46256
                        Excitation duration:              	3.55454875e+003 ps 
                        Calculation time for excitation:  	0 	s
                        Number of calculated pulse widths:	1.21739 
                        Steady state accuracy limit:      	-40	dB 
                        Simulated number of time steps:   	9243 
                        Maximum number of time steps:     	151849 
                        Time step width:
                           without subcycles:             	4.681669323e-001 ps
                           used:                          	4.681669323e-001 ps
                      
                        CAD preparation time:             	0      	s
                        Matrix calculation time:          	12 	s
                        Solver setup time:                	1 	s
                        Solver loop time:                 	8 	s
                        Solver post-processing time:      	0 	s
                                                          	------------
                        Total solver time:                	21 	s
                      
                      ------------------------------------------------------------------------------
09/Mar/2022 15:30:47  
                        Adaptive port meshing time:          	0      	s
                        Total solver time (all cycles):      	21     	s
                        solver initialization and clean-up:  	2      	s
                                                             	------------
                        Total simulation time:               	23     	s
                      
                      ------------------------------------------------------------------------------
09/Mar/2022 15:30:47  Solver finished at: 03:30 PM Wednesday, 09. March 2022
                      
                      
                      
                      ------------------------------------------------------------------------------
09/Mar/2022 15:30:58  *** Error ***
                      
                      Template based post-processing result "Directivity, constant Phi=0":
                      Error in calling "Evaluate1D" function ((9999) No calculated Farfield Result
                      available.(Line:2234))
                      
                      ------------------------------------------------------------------------------
09/Mar/2022 15:30:58  Creating parametric 1D results for Run ID 7
                      
                      ------------------------------------------------------------------------------
