09/Mar/2022 15:27:38  *** Warning ***
                      
                      This software is licensed for personal and educational purposes only.
                      
                      ------------------------------------------------------------------------------
09/Mar/2022 15:27:39  
                      Solver started at: 03:27 PM Wednesday, 09. March 2022 (Romance Standard Time)
                      
                        Module:  Time Domain: S-Parameter (Win 64)
                        Version: 2021.4 Release from 2021-05-18 (change 873153)
                      

                      ------------------------------------------------------------------------------

                      ------------------------------------------------------------------------------
09/Mar/2022 15:27:39  ======================================================================
                       Solver cycle: 1
                      ======================================================================
                      
                      Stimulation at discrete port 1 
                      
                      
                      
                      ------------------------------------------------------------------------------
09/Mar/2022 15:27:39  Units settings: 
                      
                        Dimensions: mm
                        Frequency:  GHz
                        Time:       ps
                      
                      ------------------------------------------------------------------------------
09/Mar/2022 15:27:51  The following discrete face port is connected to metal material:
                      	1
                      
                      ------------------------------------------------------------------------------
09/Mar/2022 15:27:51  Mesh statistics:
                      
                         Hexahedral mesh type: PBA [Version: default]
                      
                         Parallelization type: domain decomposition
                            Number of parallel working threads: 2
                            Number of calculation domains used: 2
                      
                         Used point accuracy enhancement value: 75.00%.
                         PBA fill limit: 99.00% (inverse)

09/Mar/2022 15:27:52  Boundary conditions: 
                      
                        YZsymmetry: none
                        XZsymmetry: none
                        XYsymmetry: none
                      
                        Xmin: expanded open, 4 Layer, depth 23.9777 mm
                        Xmax: expanded open, 4 Layer, depth 23.9777 mm
                      
                        Ymin: expanded open, 4 Layer, depth 23.9777 mm
                        Ymax: expanded open, 4 Layer, depth 23.9777 mm
                      
                        Zmin: expanded open, 4 Layer, depth 23.9777 mm
                        Zmax: expanded open, 4 Layer, depth 23.9777 mm
                      
                        PML-Type: Convolution PML
                      
                      ------------------------------------------------------------------------------
09/Mar/2022 15:27:52  Frequency settings: 
                      
                        Fmin:         1
                        Fmax:         3
                        Nfsteps(lin): 1001
                      
                      ------------------------------------------------------------------------------
09/Mar/2022 15:27:52  Field update statistics:
                      
                        Number of components in total: 	289915
                      
                      Subcycling state:      Automatically deactivated
                      
                      ------------------------------------------------------------------------------
09/Mar/2022 15:27:52  Port: 1
                      
09/Mar/2022 15:27:52    Discrete element, reference impedance = 73 Ohm
                      
                      ------------------------------------------------------------------------------
09/Mar/2022 15:28:02  
                      --------------------------------------------------------------------------------
09/Mar/2022 15:28:02  Steady state energy criterion met, solver finished successfully.
                      
                      ------------------------------------------------------------------------------
09/Mar/2022 15:28:02  Frequency domain results normalized to default signal.
                      
                      
                      ------------------------------------------------------------------------------
09/Mar/2022 15:28:02  
                        ----------------------------------------------------------------------------
                                            Peak memory used (kB)         Free physical memory (kB) 
                                                                          At begin     Minimum      
                        ----------------------------------------------------------------------------
                        CAD preparation     19348                         4469336      4469336      
                        Matrices calc.      67871                         4592773      4154296      
                        Solver run total    41924                         4497168      4263992      
                        ----------------------------------------------------------------------------
                      
                      --------------------------------------------------------------------------------
                      Solver Statistics:
                      
                        Hardware:
                           Computer name:                 	Zephyrus-G14 
                      
                           Number of CPU threads:               8
                           Hardware info:                  	Hardware Accelerator Device not activated
                      
                        Number of mesh cells:             	46256
                        Excitation duration:              	3.55454875e+003 ps 
                        Calculation time for excitation:  	7 	s
                        Number of calculated pulse widths:	1.21417 
                        Steady state accuracy limit:      	-40	dB 
                        Simulated number of time steps:   	9204 
                        Maximum number of time steps:     	151609 
                        Time step width:
                           without subcycles:             	4.689070124e-001 ps
                           used:                          	4.689070124e-001 ps
                      
                        CAD preparation time:             	0      	s
                        Matrix calculation time:          	12 	s
                        Solver setup time:                	1 	s
                        Solver loop time:                 	8 	s
                        Solver post-processing time:      	0 	s
                                                          	------------
                        Total solver time:                	21 	s
                      
                      ------------------------------------------------------------------------------
09/Mar/2022 15:28:03  
                        Adaptive port meshing time:          	0      	s
                        Total solver time (all cycles):      	21     	s
                        solver initialization and clean-up:  	2      	s
                                                             	------------
                        Total simulation time:               	23     	s
                      
                      ------------------------------------------------------------------------------
09/Mar/2022 15:28:03  Solver finished at: 03:28 PM Wednesday, 09. March 2022
                      
                      
                      
                      ------------------------------------------------------------------------------
09/Mar/2022 15:28:15  *** Error ***
                      
                      Template based post-processing result "Directivity, constant Phi=0":
                      Error in calling "Evaluate1D" function ((9999) No calculated Farfield Result
                      available.(Line:2234))
                      
                      ------------------------------------------------------------------------------
09/Mar/2022 15:28:15  Creating parametric 1D results for Run ID 6
                      
                      ------------------------------------------------------------------------------
