09/Mar/2022 15:34:19  *** Warning ***
                      
                      This software is licensed for personal and educational purposes only.
                      
                      ------------------------------------------------------------------------------
09/Mar/2022 15:34:20  
                      Solver started at: 03:34 PM Wednesday, 09. March 2022 (Romance Standard Time)
                      
                        Module:  Time Domain: S-Parameter (Win 64)
                        Version: 2021.4 Release from 2021-05-18 (change 873153)
                      

                      ------------------------------------------------------------------------------

                      ------------------------------------------------------------------------------
09/Mar/2022 15:34:20  ======================================================================
                       Solver cycle: 1
                      ======================================================================
                      
                      Stimulation at discrete port 1 
                      
                      
                      
                      ------------------------------------------------------------------------------
09/Mar/2022 15:34:20  Units settings: 
                      
                        Dimensions: mm
                        Frequency:  GHz
                        Time:       ps
                      
                      ------------------------------------------------------------------------------
09/Mar/2022 15:34:34  The following discrete face port is connected to metal material:
                      	1
                      
                      ------------------------------------------------------------------------------
09/Mar/2022 15:34:34  Mesh statistics:
                      
                         Hexahedral mesh type: PBA [Version: default]
                      
                         Parallelization type: domain decomposition
                            Number of parallel working threads: 2
                            Number of calculation domains used: 2
                      
                         Used point accuracy enhancement value: 75.00%.
                         PBA fill limit: 99.00% (inverse)

09/Mar/2022 15:34:35  Boundary conditions: 
                      
                        YZsymmetry: none
                        XZsymmetry: none
                        XYsymmetry: none
                      
                        Xmin: expanded open, 4 Layer, depth 24.0014 mm
                        Xmax: expanded open, 4 Layer, depth 24.0014 mm
                      
                        Ymin: expanded open, 4 Layer, depth 24.0014 mm
                        Ymax: expanded open, 4 Layer, depth 24.0014 mm
                      
                        Zmin: expanded open, 4 Layer, depth 24.0014 mm
                        Zmax: expanded open, 4 Layer, depth 24.0014 mm
                      
                        PML-Type: Convolution PML
                      
                      ------------------------------------------------------------------------------
09/Mar/2022 15:34:35  Frequency settings: 
                      
                        Fmin:         1
                        Fmax:         3
                        Nfsteps(lin): 1001
                      
                      ------------------------------------------------------------------------------
09/Mar/2022 15:34:35  Field update statistics:
                      
                        Number of components in total: 	289915
                      
                      Subcycling state:      Automatically deactivated
                      
                      ------------------------------------------------------------------------------
09/Mar/2022 15:34:35  Port: 1
                      
09/Mar/2022 15:34:35    Discrete element, reference impedance = 73 Ohm
                      
                      ------------------------------------------------------------------------------
09/Mar/2022 15:34:45  
                      --------------------------------------------------------------------------------
09/Mar/2022 15:34:45  Steady state energy criterion met, solver finished successfully.
                      
                      ------------------------------------------------------------------------------
09/Mar/2022 15:34:45  Frequency domain results normalized to default signal.
                      
                      
                      ------------------------------------------------------------------------------
09/Mar/2022 15:34:45  
                        ----------------------------------------------------------------------------
                                            Peak memory used (kB)         Free physical memory (kB) 
                                                                          At begin     Minimum      
                        ----------------------------------------------------------------------------
                        CAD preparation     19332                         4934268      4934268      
                        Matrices calc.      69266                         4592773      4066406      
                        Solver run total    41940                         4957864      4792704      
                        ----------------------------------------------------------------------------
                      
                      --------------------------------------------------------------------------------
                      Solver Statistics:
                      
                        Hardware:
                           Computer name:                 	Zephyrus-G14 
                      
                           Number of CPU threads:               8
                           Hardware info:                  	Hardware Accelerator Device not activated
                      
                        Number of mesh cells:             	46256
                        Excitation duration:              	3.55454875e+003 ps 
                        Calculation time for excitation:  	0 	s
                        Number of calculated pulse widths:	1.21792 
                        Steady state accuracy limit:      	-40	dB 
                        Simulated number of time steps:   	9243 
                        Maximum number of time steps:     	151782 
                        Time step width:
                           without subcycles:             	4.683725982e-001 ps
                           used:                          	4.683725982e-001 ps
                      
                        CAD preparation time:             	0      	s
                        Matrix calculation time:          	14 	s
                        Solver setup time:                	2 	s
                        Solver loop time:                 	8 	s
                        Solver post-processing time:      	0 	s
                                                          	------------
                        Total solver time:                	24 	s
                      
                      ------------------------------------------------------------------------------
09/Mar/2022 15:34:45  
                        Adaptive port meshing time:          	0      	s
                        Total solver time (all cycles):      	24     	s
                        solver initialization and clean-up:  	1      	s
                                                             	------------
                        Total simulation time:               	25     	s
                      
                      ------------------------------------------------------------------------------
09/Mar/2022 15:34:45  Solver finished at: 03:34 PM Wednesday, 09. March 2022
                      
                      
                      
                      ------------------------------------------------------------------------------
09/Mar/2022 15:34:59  *** Error ***
                      
                      Template based post-processing result "Directivity, constant Phi=0":
                      Error in calling "Evaluate1D" function ((9999) No calculated Farfield Result
                      available.(Line:2234))
                      
                      ------------------------------------------------------------------------------
09/Mar/2022 15:34:59  Creating parametric 1D results for Run ID 8
                      
                      ------------------------------------------------------------------------------
09/Mar/2022 15:43:43  Defined reference frequency for open boundary condition (2 GHz) is larger than
                      the lowest relevant system frequency (monitor at 1.5 GHz).
                      Please check open boundary settings to ensure accurate monitor results for the
                      lowest frequency of interest.
                      
                      ------------------------------------------------------------------------------
09/Mar/2022 15:43:43  *** Warning ***
                      
                      This software is licensed for personal and educational purposes only.
                      
                      ------------------------------------------------------------------------------
09/Mar/2022 15:43:44  
                      Solver started at: 03:43 PM Wednesday, 09. March 2022 (Romance Standard Time)
                      
                        Module:  Time Domain: S-Parameter (Win 64)
                        Version: 2021.4 Release from 2021-05-18 (change 873153)
                      

                      ------------------------------------------------------------------------------

                      ------------------------------------------------------------------------------
09/Mar/2022 15:43:44  ======================================================================
                       Solver cycle: 1
                      ======================================================================
                      
                      Stimulation at discrete port 1 
                      
                      
                      
                      ------------------------------------------------------------------------------
09/Mar/2022 15:43:44  Units settings: 
                      
                        Dimensions: mm
                        Frequency:  GHz
                        Time:       ps
                      
                      ------------------------------------------------------------------------------
09/Mar/2022 15:43:45  Boundary conditions: 
                      
                        YZsymmetry: none
                        XZsymmetry: none
                        XYsymmetry: none
                      
                        Xmin: expanded open, 4 Layer, depth 24.0014 mm
                        Xmax: expanded open, 4 Layer, depth 24.0014 mm
                      
                        Ymin: expanded open, 4 Layer, depth 24.0014 mm
                        Ymax: expanded open, 4 Layer, depth 24.0014 mm
                      
                        Zmin: expanded open, 4 Layer, depth 24.0014 mm
                        Zmax: expanded open, 4 Layer, depth 24.0014 mm
                      
                        PML-Type: Convolution PML
                      
                      ------------------------------------------------------------------------------
09/Mar/2022 15:43:45  Frequency settings: 
                      
                        Fmin:         1
                        Fmax:         3
                        Nfsteps(lin): 1001
                      
                      ------------------------------------------------------------------------------
09/Mar/2022 15:43:46  Field update statistics:
                      
                        Number of components in total: 	289915
                      
                      Subcycling state:      Automatically deactivated
                      
                      ------------------------------------------------------------------------------
09/Mar/2022 15:43:46  Port: 1
                      
09/Mar/2022 15:43:46    Discrete element, reference impedance = 73 Ohm
                      
                      ------------------------------------------------------------------------------
09/Mar/2022 15:43:59  
                      --------------------------------------------------------------------------------
09/Mar/2022 15:43:59  Steady state energy criterion met, solver finished successfully.
                      
                      ------------------------------------------------------------------------------
09/Mar/2022 15:43:59  Frequency domain results normalized to default signal.
                      
                      
                      ------------------------------------------------------------------------------
09/Mar/2022 15:43:59  
                        ----------------------------------------------------------------------------
                                            Peak memory used (kB)         Free physical memory (kB) 
                                                                          At begin     Minimum      
                        ----------------------------------------------------------------------------
                        CAD preparation     19332                         4934268      4934268      
                        Matrices calc.      69266                         4592773      4066406      
                        Solver run total    45120                         4744528      4614996      
                        ----------------------------------------------------------------------------
                      
                      --------------------------------------------------------------------------------
                      Solver Statistics:
                      
                        Hardware:
                           Computer name:                 	Zephyrus-G14 
                      
                           Number of CPU threads:               8
                           Hardware info:                  	Hardware Accelerator Device not activated
                      
                        Number of mesh cells:             	46256
                        Excitation duration:              	3.55454875e+003 ps 
                        Calculation time for excitation:  	0 	s
                        Number of calculated pulse widths:	1.21792 
                        Steady state accuracy limit:      	-40	dB 
                        Simulated number of time steps:   	9243 
                        Maximum number of time steps:     	151782 
                        Time step width:
                           without subcycles:             	4.683725982e-001 ps
                           used:                          	4.683725982e-001 ps
                      
                        Reloading matrices:               	0 	s
                        Solver setup time:                	5 	s
                        Solver loop time:                 	8 	s
                        Solver post-processing time:      	0 	s
                                                          	------------
                        Total solver time:                	13 	s
                      
                      ------------------------------------------------------------------------------
09/Mar/2022 15:43:59  
                        Adaptive port meshing time:          	0      	s
                        Total solver time (all cycles):      	13     	s
                        solver initialization and clean-up:  	2      	s
                                                             	------------
                        Total simulation time:               	15     	s
                      
                      ------------------------------------------------------------------------------
09/Mar/2022 15:43:59  Solver finished at: 03:43 PM Wednesday, 09. March 2022
                      
                      
                      
                      ------------------------------------------------------------------------------
09/Mar/2022 15:44:01  Creating parametric 1D results for Run ID 8
                      
                      ------------------------------------------------------------------------------
09/Mar/2022 16:29:50  Defined reference frequency for open boundary condition (2 GHz) is larger than
                      the lowest relevant system frequency (monitor at 1.5 GHz).
                      Please check open boundary settings to ensure accurate monitor results for the
                      lowest frequency of interest.
                      
                      ------------------------------------------------------------------------------
09/Mar/2022 16:29:50  *** Warning ***
                      
                      This software is licensed for personal and educational purposes only.
                      
                      ------------------------------------------------------------------------------
09/Mar/2022 16:29:50  The following farfield monitor(s) have been adjusted to model box [-45.8907,
                      45.8907, -1.95318, 1.95318, -1.95318, 1.95318].
                        farfield (f=1.5). More...
                      
                      ------------------------------------------------------------------------------
09/Mar/2022 16:29:51  
                      Solver started at: 04:29 PM Wednesday, 09. March 2022 (Romance Standard Time)
                      
                        Module:  Time Domain: S-Parameter (Win 64)
                        Version: 2021.4 Release from 2021-05-18 (change 873153)
                      

                      ------------------------------------------------------------------------------

                      ------------------------------------------------------------------------------
09/Mar/2022 16:29:51  ======================================================================
                       Solver cycle: 1
                      ======================================================================
                      
                      Stimulation at discrete port 1 
                      
                      
                      
                      ------------------------------------------------------------------------------
09/Mar/2022 16:29:51  Units settings: 
                      
                        Dimensions: mm
                        Frequency:  GHz
                        Time:       ps
                      
                      ------------------------------------------------------------------------------
09/Mar/2022 16:29:53  Boundary conditions: 
                      
                        YZsymmetry: none
                        XZsymmetry: none
                        XYsymmetry: none
                      
                        Xmin: expanded open, 4 Layer, depth 24.0014 mm
                        Xmax: expanded open, 4 Layer, depth 24.0014 mm
                      
                        Ymin: expanded open, 4 Layer, depth 24.0014 mm
                        Ymax: expanded open, 4 Layer, depth 24.0014 mm
                      
                        Zmin: expanded open, 4 Layer, depth 24.0014 mm
                        Zmax: expanded open, 4 Layer, depth 24.0014 mm
                      
                        PML-Type: Convolution PML
                      
                      ------------------------------------------------------------------------------
09/Mar/2022 16:29:53  Frequency settings: 
                      
                        Fmin:         1
                        Fmax:         3
                        Nfsteps(lin): 1001
                      
                      ------------------------------------------------------------------------------
09/Mar/2022 16:29:54  Field update statistics:
                      
                        Number of components in total: 	289915
                      
                      Subcycling state:      Automatically deactivated
                      
                      ------------------------------------------------------------------------------
09/Mar/2022 16:29:54  Port: 1
                      
09/Mar/2022 16:29:54    Discrete element, reference impedance = 73 Ohm
                      
                      ------------------------------------------------------------------------------
09/Mar/2022 16:30:07  
                      --------------------------------------------------------------------------------
09/Mar/2022 16:30:07  Steady state energy criterion met, solver finished successfully.
                      
                      ------------------------------------------------------------------------------
09/Mar/2022 16:30:07  Frequency domain results normalized to default signal.
                      
                      
                      ------------------------------------------------------------------------------
09/Mar/2022 16:30:07  
                        ----------------------------------------------------------------------------
                                            Peak memory used (kB)         Free physical memory (kB) 
                                                                          At begin     Minimum      
                        ----------------------------------------------------------------------------
                        CAD preparation     19332                         4934268      4934268      
                        Matrices calc.      69266                         4592773      4066406      
                        Solver run total    45596                         4910672      4722504      
                        ----------------------------------------------------------------------------
                      
                      --------------------------------------------------------------------------------
                      Solver Statistics:
                      
                        Hardware:
                           Computer name:                 	Zephyrus-G14 
                      
                           Number of CPU threads:               8
                           Hardware info:                  	Hardware Accelerator Device not activated
                      
                        Number of mesh cells:             	46256
                        Excitation duration:              	3.55454875e+003 ps 
                        Calculation time for excitation:  	0 	s
                        Number of calculated pulse widths:	1.21792 
                        Steady state accuracy limit:      	-40	dB 
                        Simulated number of time steps:   	9243 
                        Maximum number of time steps:     	151782 
                        Time step width:
                           without subcycles:             	4.683725982e-001 ps
                           used:                          	4.683725982e-001 ps
                      
                        Reloading matrices:               	0 	s
                        Solver setup time:                	6 	s
                        Solver loop time:                 	8 	s
                        Solver post-processing time:      	0 	s
                                                          	------------
                        Total solver time:                	14 	s
                      
                      ------------------------------------------------------------------------------
09/Mar/2022 16:30:07  
                        Adaptive port meshing time:          	0      	s
                        Total solver time (all cycles):      	14     	s
                        solver initialization and clean-up:  	2      	s
                                                             	------------
                        Total simulation time:               	16     	s
                      
                      ------------------------------------------------------------------------------
09/Mar/2022 16:30:07  Solver finished at: 04:30 PM Wednesday, 09. March 2022
                      
                      
                      
                      ------------------------------------------------------------------------------
09/Mar/2022 16:30:10  Creating parametric 1D results for Run ID 8
                      
                      ------------------------------------------------------------------------------
