
hpeesofsim (*) 450.shp Jan 21 2016, MINT version 4
    (64-bit windows built: 01/21/16 15:34:19)
Copyright 1995 - 2015 Keysight Technologies, 1989-2016.

Warning detected by hpeesofsim in topology check during circuit set up.
    Number of nodes with no DC path to ground (topology corrected): 2


CT Sweep1[1] <Mini_projet_FLU17XM_etudiant_lib:analyseDCext:schematic>   Vgs0=(-2.5->-250e-03)

DC Sweep1[1].DC1[1/10] <Mini_projet_FLU17XM_etudiant_lib:analyseDCext:schematic>  Vgs0=-2.5  Vds0=(0->10)
.....................................................................................................

DC Sweep1[1].DC1[2/10] <Mini_projet_FLU17XM_etudiant_lib:analyseDCext:schematic>  Vgs0=-2.25  Vds0=(0->10)
.....................................................................................................

DC Sweep1[1].DC1[3/10] <Mini_projet_FLU17XM_etudiant_lib:analyseDCext:schematic>  Vgs0=-2  Vds0=(0->10)
.....................................................................................................

DC Sweep1[1].DC1[4/10] <Mini_projet_FLU17XM_etudiant_lib:analyseDCext:schematic>  Vgs0=-1.75  Vds0=(0->10)
.....................................................................................................

DC Sweep1[1].DC1[5/10] <Mini_projet_FLU17XM_etudiant_lib:analyseDCext:schematic>  Vgs0=-1.5  Vds0=(0->10)
.....................................................................................................

DC Sweep1[1].DC1[6/10] <Mini_projet_FLU17XM_etudiant_lib:analyseDCext:schematic>  Vgs0=-1.25  Vds0=(0->10)
.....................................................................................................

DC Sweep1[1].DC1[7/10] <Mini_projet_FLU17XM_etudiant_lib:analyseDCext:schematic>  Vgs0=-1  Vds0=(0->10)
.....................................................................................................

DC Sweep1[1].DC1[8/10] <Mini_projet_FLU17XM_etudiant_lib:analyseDCext:schematic>  Vgs0=-750e-03  Vds0=(0->10)
.....................................................................................................

DC Sweep1[1].DC1[9/10] <Mini_projet_FLU17XM_etudiant_lib:analyseDCext:schematic>  Vgs0=-500e-03  Vds0=(0->10)
.....................................................................................................

DC Sweep1[1].DC1[10/10] <Mini_projet_FLU17XM_etudiant_lib:analyseDCext:schematic>  Vgs0=-250e-03  Vds0=(0->10)
.....................................................................................................

Resource usage:
  Total stopwatch time     =     0.55 seconds.

