Unknown:
C:\Users\andyw\Documents\GitHub\EMIMEO\Brescia\Wireless-Systems-Lab\Exercise-One\Lamb-2-Dipole-5.58GHz\Result\Hex.gap
C:\Users\andyw\Documents\GitHub\EMIMEO\Brescia\Wireless-Systems-Lab\Exercise-One\Lamb-2-Dipole-5.58GHz\Result\MCalc-Facets-1xN.log
C:\Users\andyw\Documents\GitHub\EMIMEO\Brescia\Wireless-Systems-Lab\Exercise-One\Lamb-2-Dipole-5.58GHz\Result\MCalc-Facets-PP.log
C:\Users\andyw\Documents\GitHub\EMIMEO\Brescia\Wireless-Systems-Lab\Exercise-One\Lamb-2-Dipole-5.58GHz\Result\MCalc.ddi
C:\Users\andyw\Documents\GitHub\EMIMEO\Brescia\Wireless-Systems-Lab\Exercise-One\Lamb-2-Dipole-5.58GHz\Result\MCalc.log
C:\Users\andyw\Documents\GitHub\EMIMEO\Brescia\Wireless-Systems-Lab\Exercise-One\Lamb-2-Dipole-5.58GHz\Result\MCalcMMC.log
C:\Users\andyw\Documents\GitHub\EMIMEO\Brescia\Wireless-Systems-Lab\Exercise-One\Lamb-2-Dipole-5.58GHz\Result\Model.axg
C:\Users\andyw\Documents\GitHub\EMIMEO\Brescia\Wireless-Systems-Lab\Exercise-One\Lamb-2-Dipole-5.58GHz\Result\Model.ddi
C:\Users\andyw\Documents\GitHub\EMIMEO\Brescia\Wireless-Systems-Lab\Exercise-One\Lamb-2-Dipole-5.58GHz\Result\Model.log
C:\Users\andyw\Documents\GitHub\EMIMEO\Brescia\Wireless-Systems-Lab\Exercise-One\Lamb-2-Dipole-5.58GHz\Result\Model.sa
C:\Users\andyw\Documents\GitHub\EMIMEO\Brescia\Wireless-Systems-Lab\Exercise-One\Lamb-2-Dipole-5.58GHz\Result\Model.sam
C:\Users\andyw\Documents\GitHub\EMIMEO\Brescia\Wireless-Systems-Lab\Exercise-One\Lamb-2-Dipole-5.58GHz\Result\Model_m1.sam
C:\Users\andyw\Documents\GitHub\EMIMEO\Brescia\Wireless-Systems-Lab\Exercise-One\Lamb-2-Dipole-5.58GHz\Result\m^fifx.dsc
C:\Users\andyw\Documents\GitHub\EMIMEO\Brescia\Wireless-Systems-Lab\Exercise-One\Lamb-2-Dipole-5.58GHz\Result\m^fqq.dsc
C:\Users\andyw\Documents\GitHub\EMIMEO\Brescia\Wireless-Systems-Lab\Exercise-One\Lamb-2-Dipole-5.58GHz\Result\Ports.web
C:\Users\andyw\Documents\GitHub\EMIMEO\Brescia\Wireless-Systems-Lab\Exercise-One\Lamb-2-Dipole-5.58GHz\Result\Postprocessing.log
C:\Users\andyw\Documents\GitHub\EMIMEO\Brescia\Wireless-Systems-Lab\Exercise-One\Lamb-2-Dipole-5.58GHz\Result\PP-Prio.log
C:\Users\andyw\Documents\GitHub\EMIMEO\Brescia\Wireless-Systems-Lab\Exercise-One\Lamb-2-Dipole-5.58GHz\Result\p^a.dsc
C:\Users\andyw\Documents\GitHub\EMIMEO\Brescia\Wireless-Systems-Lab\Exercise-One\Lamb-2-Dipole-5.58GHz\Result\P^m^fbqq.slog
C:\Users\andyw\Documents\GitHub\EMIMEO\Brescia\Wireless-Systems-Lab\Exercise-One\Lamb-2-Dipole-5.58GHz\Result\P^m^fqq.slog
C:\Users\andyw\Documents\GitHub\EMIMEO\Brescia\Wireless-Systems-Lab\Exercise-One\Lamb-2-Dipole-5.58GHz\Result\P^p^m.slog
C:\Users\andyw\Documents\GitHub\EMIMEO\Brescia\Wireless-Systems-Lab\Exercise-One\Lamb-2-Dipole-5.58GHz\Result\P^s^pm.slog
Mesh:
C:\Users\andyw\Documents\GitHub\EMIMEO\Brescia\Wireless-Systems-Lab\Exercise-One\Lamb-2-Dipole-5.58GHz\Result\dA.mat
C:\Users\andyw\Documents\GitHub\EMIMEO\Brescia\Wireless-Systems-Lab\Exercise-One\Lamb-2-Dipole-5.58GHz\Result\dad.mat
C:\Users\andyw\Documents\GitHub\EMIMEO\Brescia\Wireless-Systems-Lab\Exercise-One\Lamb-2-Dipole-5.58GHz\Result\ds.mat
C:\Users\andyw\Documents\GitHub\EMIMEO\Brescia\Wireless-Systems-Lab\Exercise-One\Lamb-2-Dipole-5.58GHz\Result\dsd.mat
C:\Users\andyw\Documents\GitHub\EMIMEO\Brescia\Wireless-Systems-Lab\Exercise-One\Lamb-2-Dipole-5.58GHz\Result\dsMCalc.mat
C:\Users\andyw\Documents\GitHub\EMIMEO\Brescia\Wireless-Systems-Lab\Exercise-One\Lamb-2-Dipole-5.58GHz\Result\Eps.mat
C:\Users\andyw\Documents\GitHub\EMIMEO\Brescia\Wireless-Systems-Lab\Exercise-One\Lamb-2-Dipole-5.58GHz\Result\HexMatrix.m2h
C:\Users\andyw\Documents\GitHub\EMIMEO\Brescia\Wireless-Systems-Lab\Exercise-One\Lamb-2-Dipole-5.58GHz\Result\HexMatrix_MCalc.m2h
C:\Users\andyw\Documents\GitHub\EMIMEO\Brescia\Wireless-Systems-Lab\Exercise-One\Lamb-2-Dipole-5.58GHz\Result\MCalc.fmp
C:\Users\andyw\Documents\GitHub\EMIMEO\Brescia\Wireless-Systems-Lab\Exercise-One\Lamb-2-Dipole-5.58GHz\Result\MCalc.xcfd
C:\Users\andyw\Documents\GitHub\EMIMEO\Brescia\Wireless-Systems-Lab\Exercise-One\Lamb-2-Dipole-5.58GHz\Result\Meta.m2h
C:\Users\andyw\Documents\GitHub\EMIMEO\Brescia\Wireless-Systems-Lab\Exercise-One\Lamb-2-Dipole-5.58GHz\Result\Meta.mat
C:\Users\andyw\Documents\GitHub\EMIMEO\Brescia\Wireless-Systems-Lab\Exercise-One\Lamb-2-Dipole-5.58GHz\Result\Model.cct
C:\Users\andyw\Documents\GitHub\EMIMEO\Brescia\Wireless-Systems-Lab\Exercise-One\Lamb-2-Dipole-5.58GHz\Result\Model.fmf
C:\Users\andyw\Documents\GitHub\EMIMEO\Brescia\Wireless-Systems-Lab\Exercise-One\Lamb-2-Dipole-5.58GHz\Result\Model.fmm
C:\Users\andyw\Documents\GitHub\EMIMEO\Brescia\Wireless-Systems-Lab\Exercise-One\Lamb-2-Dipole-5.58GHz\Result\Model.fpc
C:\Users\andyw\Documents\GitHub\EMIMEO\Brescia\Wireless-Systems-Lab\Exercise-One\Lamb-2-Dipole-5.58GHz\Result\Model.fwf
C:\Users\andyw\Documents\GitHub\EMIMEO\Brescia\Wireless-Systems-Lab\Exercise-One\Lamb-2-Dipole-5.58GHz\Result\Model.sid
C:\Users\andyw\Documents\GitHub\EMIMEO\Brescia\Wireless-Systems-Lab\Exercise-One\Lamb-2-Dipole-5.58GHz\Result\Model.spi
C:\Users\andyw\Documents\GitHub\EMIMEO\Brescia\Wireless-Systems-Lab\Exercise-One\Lamb-2-Dipole-5.58GHz\Result\Model.xcfd
C:\Users\andyw\Documents\GitHub\EMIMEO\Brescia\Wireless-Systems-Lab\Exercise-One\Lamb-2-Dipole-5.58GHz\Result\Mue.mat
C:\Users\andyw\Documents\GitHub\EMIMEO\Brescia\Wireless-Systems-Lab\Exercise-One\Lamb-2-Dipole-5.58GHz\Result\m^fqq.mem
C:\Users\andyw\Documents\GitHub\EMIMEO\Brescia\Wireless-Systems-Lab\Exercise-One\Lamb-2-Dipole-5.58GHz\Result\PEC.mat
C:\Users\andyw\Documents\GitHub\EMIMEO\Brescia\Wireless-Systems-Lab\Exercise-One\Lamb-2-Dipole-5.58GHz\Result\Ports.fpt
C:\Users\andyw\Documents\GitHub\EMIMEO\Brescia\Wireless-Systems-Lab\Exercise-One\Lamb-2-Dipole-5.58GHz\Result\p^a.mem
C:\Users\andyw\Documents\GitHub\EMIMEO\Brescia\Wireless-Systems-Lab\Exercise-One\Lamb-2-Dipole-5.58GHz\Result\p^m.mem
C:\Users\andyw\Documents\GitHub\EMIMEO\Brescia\Wireless-Systems-Lab\Exercise-One\Lamb-2-Dipole-5.58GHz\Result\S2HMatrix.m2h
C:\Users\andyw\Documents\GitHub\EMIMEO\Brescia\Wireless-Systems-Lab\Exercise-One\Lamb-2-Dipole-5.58GHz\Result\Shapes.con
C:\Users\andyw\Documents\GitHub\EMIMEO\Brescia\Wireless-Systems-Lab\Exercise-One\Lamb-2-Dipole-5.58GHz\Result\s^pm.mem
Port:
C:\Users\andyw\Documents\GitHub\EMIMEO\Brescia\Wireless-Systems-Lab\Exercise-One\Lamb-2-Dipole-5.58GHz\Result\Model.pmi
