12/Apr/2022 17:08:05  Defined reference frequency for open boundary condition (2 GHz) is larger than
                      the lowest relevant system frequency (monitor at 1.5 GHz).
                      Please check open boundary settings to ensure accurate monitor results for the
                      lowest frequency of interest.
                      
                      ------------------------------------------------------------------------------
12/Apr/2022 17:08:05  *** Warning ***
                      
                      This software is licensed for personal and educational purposes only.
                      
                      ------------------------------------------------------------------------------
12/Apr/2022 17:08:05  The following farfield monitor(s) have been adjusted to model box [-53.8734,
                      53.8734, -53.8734, 53.8734, -0.431181, 46.0946].
                        farfield (f=1.5). More...
                      
                      ------------------------------------------------------------------------------
12/Apr/2022 17:08:05  
                      Solver started at: 05:08 PM Tuesday, 12. April 2022 (Romance Summer Time)
                      
                        Module:  Time Domain: S-Parameter (Win 64)
                        Version: 2021.4 Release from 2021-05-18 (change 873153)
                      

                      ------------------------------------------------------------------------------

                      ------------------------------------------------------------------------------
12/Apr/2022 17:08:05  ======================================================================
                       Solver cycle: 1
                      ======================================================================
                      
                      Stimulation at discrete port 1 
                      
                      
                      
                      ------------------------------------------------------------------------------
12/Apr/2022 17:08:05  Units settings: 
                      
                        Dimensions: mm
                        Frequency:  GHz
                        Time:       ps
                      
                      ------------------------------------------------------------------------------
12/Apr/2022 17:08:12  The following discrete face port is connected to metal material:
                      	1
                      
                      ------------------------------------------------------------------------------
12/Apr/2022 17:08:12  Mesh statistics:
                      
                         Hexahedral mesh type: PBA [Version: default]
                      
                         Parallelization type: domain decomposition
                            Number of parallel working threads: 4
                            Number of calculation domains used: 4
                      
                         Used point accuracy enhancement value: 63.00%.
                         PBA fill limit: 98.81% (inverse)

12/Apr/2022 17:08:13  Boundary conditions: 
                      
                        YZsymmetry: none
                        XZsymmetry: none
                        XYsymmetry: none
                      
                        Xmin: expanded open, 4 Layer, depth 39.7798 mm
                        Xmax: expanded open, 4 Layer, depth 39.7798 mm
                      
                        Ymin: expanded open, 4 Layer, depth 39.7798 mm
                        Ymax: expanded open, 4 Layer, depth 39.7798 mm
                      
                        Zmin: expanded open, 4 Layer, depth 32.6054 mm
                        Zmax: expanded open, 4 Layer, depth 39.7798 mm
                      
                        PML-Type: Convolution PML
                      
                      ------------------------------------------------------------------------------
12/Apr/2022 17:08:13  Frequency settings: 
                      
                        Fmin:         1
                        Fmax:         3
                        Nfsteps(lin): 1001
                      
                      ------------------------------------------------------------------------------
12/Apr/2022 17:08:13  Field update statistics:
                      
                        Number of components in total: 	596949
                      
                      Subcycling state:      Automatically deactivated
                      
                      ------------------------------------------------------------------------------
12/Apr/2022 17:08:13  Port: 1
                      
12/Apr/2022 17:08:13    Discrete element, reference impedance = 36 Ohm
                      
                      ------------------------------------------------------------------------------
12/Apr/2022 17:08:25  
                      --------------------------------------------------------------------------------
12/Apr/2022 17:08:25  Steady state energy criterion met, solver finished successfully.
                      
                      ------------------------------------------------------------------------------
12/Apr/2022 17:08:25  Frequency domain results normalized to default signal.
                      
                      
                      ------------------------------------------------------------------------------
12/Apr/2022 17:08:25  
                        ----------------------------------------------------------------------------
                                            Peak memory used (kB)         Free physical memory (kB) 
                                                                          At begin     Minimum      
                        ----------------------------------------------------------------------------
                        CAD preparation     19356                         6324796      6324796      
                        Matrices calc.      124302                        6274414      6231445      
                        Solver run total    55584                         6349308      6349308      
                        ----------------------------------------------------------------------------
                      
                      --------------------------------------------------------------------------------
                      Solver Statistics:
                      
                        Hardware:
                           Computer name:                 	DESKTOP-ETGPJ87 
                      
                           Number of CPU threads:               8
                           Hardware info:                  	Hardware Accelerator Device not activated
                      
                        Number of mesh cells:             	96228
                        Excitation duration:              	3.55454875e+003 ps 
                        Calculation time for excitation:  	0 	s
                        Number of calculated pulse widths:	1.40517 
                        Steady state accuracy limit:      	-40	dB 
                        Simulated number of time steps:   	7470 
                        Maximum number of time steps:     	106321 
                        Time step width:
                           without subcycles:             	6.686388943e-001 ps
                           used:                          	6.686388943e-001 ps
                      
                        CAD preparation time:             	0      	s
                        Matrix calculation time:          	6 	s
                        Solver setup time:                	1 	s
                        Solver loop time:                 	11 	s
                        Solver post-processing time:      	0 	s
                                                          	------------
                        Total solver time:                	18 	s
                      
                      ------------------------------------------------------------------------------
12/Apr/2022 17:08:25  
                        Adaptive port meshing time:          	0      	s
                        Total solver time (all cycles):      	18     	s
                        solver initialization and clean-up:  	1      	s
                                                             	------------
                        Total simulation time:               	19     	s
                      
                      ------------------------------------------------------------------------------
12/Apr/2022 17:08:25  Solver finished at: 05:08 PM Tuesday, 12. April 2022
                      
                      
                      
                      ------------------------------------------------------------------------------
12/Apr/2022 17:08:28  Creating parametric 1D results for Run ID 1
                      
                      ------------------------------------------------------------------------------
