\BOOKMARK [1][-]{section.1}{Introduction,\040The\040NLSE,\040and\040Optical\040Fibre\040Propagation}{}% 1
\BOOKMARK [2][-]{subsection.1.1}{Introduction}{section.1}% 2
\BOOKMARK [2][-]{subsection.1.2}{\376\377\000T\000h\000e\000\040\000N\000o\000n\000\040\000L\000i\000n\000e\000a\000r\000\040\000S\000c\000h\000r\000\366\000d\000i\000n\000g\000e\000r\000\040\000E\000q\000u\000a\000t\000i\000o\000n\000\040\000\050\0003\000+\0003\000D\000\051}{section.1}% 3
\BOOKMARK [2][-]{subsection.1.3}{Spatio-Temporal\040Regime,\040the\040NLSE\040\(1+1D\)}{section.1}% 4
\BOOKMARK [1][-]{section.2}{Numerical\040Techniques}{}% 5
\BOOKMARK [2][-]{subsection.2.1}{The\040Baker-Campbell-Hausdorff\040Formula}{section.2}% 6
\BOOKMARK [2][-]{subsection.2.2}{Numeric\040Implementation}{section.2}% 7
\BOOKMARK [2][-]{subsection.2.3}{Summary\040of\040the\040Scheme\040for\040Numeric\040Algorithm}{section.2}% 8
\BOOKMARK [2][-]{subsection.2.4}{Numeric\040Implementation\040in\040Python}{section.2}% 9
\BOOKMARK [2][-]{subsection.2.5}{Split-Step\040Fourier\040Method\040in\040Python\040-\040Introduction}{section.2}% 10
\BOOKMARK [1][-]{section.3}{Group\040Velocity\040Dispersion,\040GVD}{}% 11
\BOOKMARK [2][-]{subsection.3.1}{GVD\040with\040a\040Gaussian\040Pulse\040Input\040-\040Analytical\040Solution}{section.3}% 12
\BOOKMARK [2][-]{subsection.3.2}{GVD\040with\040a\040Gaussian\040Pulse\040Input\040-\040Numerical\040Simulation}{section.3}% 13
\BOOKMARK [2][-]{subsection.3.3}{GVD\040with\040a\040Chirped\040Gaussian\040Pulse\040Input\040-\040Analytical\040Solution}{section.3}% 14
\BOOKMARK [2][-]{subsection.3.4}{GVD\040with\040a\040Chirped\040Gaussian\040Pulse\040Input\040-\040Numerical\040Simulation}{section.3}% 15
\BOOKMARK [2][-]{subsection.3.5}{GVD\040with\040Hyperbolic-Secant\040Pulse\040Input\040-\040Analytical\040Solution}{section.3}% 16
\BOOKMARK [2][-]{subsection.3.6}{GVD\040with\040Hyperbolic-Secant\040Pulse\040Input\040-\040Numerical\040Simulation}{section.3}% 17
\BOOKMARK [2][-]{subsection.3.7}{GVD\040Induced\040Limitations\040-\040Dispersion\040Management}{section.3}% 18
\BOOKMARK [1][-]{section.4}{Self\040Phase\040Modulation,\040SPM}{}% 19
\BOOKMARK [2][-]{subsection.4.1}{Changes\040in\040Pulse\040Spectra\040due\040to\040SPM}{section.4}% 20
\BOOKMARK [1][-]{section.5}{Competition\040of\040SPM\040and\040GVD}{}% 21
